<?xml version="1.0" encoding="UTF-8"?>
<testng-results ignored="0" total="2" passed="2" failed="0" skipped="0">
  <reporter-output>
  </reporter-output>
  <suite started-at="2020-01-10T15:59:23 IST" name="Suite" finished-at="2020-01-10T15:59:56 IST" duration-ms="33005">
    <groups>
    </groups>
    <test started-at="2020-01-10T15:59:23 IST" name="Test" finished-at="2020-01-10T15:59:56 IST" duration-ms="33005">
      <class name="Drivercheck.Drivermanager">
        <test-method signature="drivermangager()[pri:0, instance:Drivercheck.Drivermanager@3a079870]" started-at="2020-01-10T15:59:36 IST" name="drivermangager" finished-at="2020-01-10T15:59:56 IST" duration-ms="19852" status="PASS">
          <reporter-output>
          </reporter-output>
        </test-method> <!-- drivermangager -->
      </class> <!-- Drivercheck.Drivermanager -->
      <class name="Drivercheck.ActionsexampleTest">
        <test-method signature="actionexample()[pri:0, instance:Drivercheck.ActionsexampleTest@f2f2cc1]" started-at="2020-01-10T15:59:23 IST" name="actionexample" finished-at="2020-01-10T15:59:36 IST" duration-ms="13101" status="PASS">
          <reporter-output>
          </reporter-output>
        </test-method> <!-- actionexample -->
      </class> <!-- Drivercheck.ActionsexampleTest -->
    </test> <!-- Test -->
  </suite> <!-- Suite -->
</testng-results>
